#
# A fatal error has been detected by the Java Runtime Environment:
#
#  SIGSEGV (0xb) at pc=0x00007ff800932a1d, pid=72462, tid=0x0000000000000103
#
# JRE version: Java(TM) SE Runtime Environment (8.0_411) (build 1.8.0_411-b09)
# Java VM: Java HotSpot(TM) 64-Bit Server VM (25.411-b09 mixed mode bsd-amd64 compressed oops)
# Problematic frame:
# C  [libobjc.A.dylib+0x6a1d]  objc_msgSend+0x1d
#
# Failed to write core dump. Core dumps have been disabled. To enable core dumping, try "ulimit -c unlimited" before starting Java again
#
# If you would like to submit a bug report, please visit:
#   http://bugreport.java.com/bugreport/crash.jsp
# The crash happened outside the Java Virtual Machine in native code.
# See problematic frame for where to report the bug.
#

---------------  T H R E A D  ---------------

Current thread (0x00007fea788aa800):  JavaThread "AppKit Thread" daemon [_thread_in_native, id=259, stack(0x0000000304165000,0x0000000304965000)]

siginfo: si_signo: 11 (SIGSEGV), si_code: 1 (SEGV_MAPERR), si_addr: 0x0000000000000018

Registers:
RAX=0x0008a0bccf393f34, RBX=0x00006000039c8550, RCX=0x0000000080000000, RDX=0x000000000008a0bc
RSP=0x0000000304960a28, RBP=0x0000000304960da0, RSI=0x00007ff820a767a8, RDI=0x00007fea7681d300
R8 =0x0000000000001940, R9 =0x000000000000009e, R10=0x0000000000000000, R11=0x00007ff820a767a8
R12=0x0000000000000000, R13=0x00006000039f5040, R14=0x00007ff8440dd960, R15=0x00007fea768264a0
RIP=0x00007ff800932a1d, EFLAGS=0x0000000000000247, ERR=0x0000000000000004
  TRAPNO=0x000000000000000e

Top of Stack: (sp=0x0000000304960a28)
0x0000000304960a28:   00007ff804b8bf03 0000000000000000
0x0000000304960a38:   0000000000000000 4094000000000000
0x0000000304960a48:   403c000000000000 ffffffffffffffff
0x0000000304960a58:   0000000304960cf0 00007ff8010adcc0
0x0000000304960a68:   0000000000000000 0000000000000000
0x0000000304960a78:   0000000000000000 0000000000000000
0x0000000304960a88:   0000000000000000 0000000304960ae0
0x0000000304960a98:   00007ff800a00305 00007fea769167e0
0x0000000304960aa8:   00007ff8440b80e0 0000000304960b10
0x0000000304960ab8:   00007ff8009376da 0000000304960af0
0x0000000304960ac8:   0000600001490740 0000000000000000
0x0000000304960ad8:   0000000000000000 4094000000000000
0x0000000304960ae8:   403c000000000000 00007ff80436dbe8
0x0000000304960af8:   0000000304960c00 0000000000000016
0x0000000304960b08:   0000000000000000 0000000000000016
0x0000000304960b18:   00007ff820a11e72 00007ff8440ba988
0x0000000304960b28:   00000000c2000000 00007ff804b92d4d
0x0000000304960b38:   00007ff8435873b0 0000600001a890e0
0x0000000304960b48:   0000000000000000 0000000000000000
0x0000000304960b58:   00007fea76827060 40330b0000000000
0x0000000304960b68:   4031190000000000 40330b0000000000
0x0000000304960b78:   408708c800000000 00007fea768264a0
0x0000000304960b88:   0000600001000100 00007ff8208bcef7
0x0000000304960b98:   00007ff820a68acb 0000600002becdc0
0x0000000304960ba8:   0000000000000000 0000600001a890e0
0x0000000304960bb8:   00007ff820a6ed9c 00007ff8209e385c
0x0000000304960bc8:   0000000000000000 00007ff820a3f3e0
0x0000000304960bd8:   0000000000000001 00007ff8208c007d
0x0000000304960be8:   00007fea76827060 00007ff820a767a8
0x0000000304960bf8:   0000000000000001 00007ff820929b40
0x0000000304960c08:   00007ff8208c105f 0000600000937101
0x0000000304960c18:   00007fea7681d300 00007ff8208bf52f 

Instructions: (pc=0x00007ff800932a1d)
0x00007ff8009329fd:   44 00 00 48 85 ff 2e 74 72 40 f6 c7 01 2e 75 76
0x00007ff800932a0d:   49 ba f8 ff ff ff ff 7f 00 00 4c 23 17 49 89 f3
0x00007ff800932a1d:   45 23 5a 18 49 c1 e3 04 4d 03 5a 10 49 3b 33 75
0x00007ff800932a2d:   0a 4d 8b 5b 08 4d 31 d3 41 ff e3 49 83 3b 01 76 

Register to memory mapping:

RAX=0x0008a0bccf393f34 is an unknown value
RBX=0x00006000039c8550 is an unknown value
RCX=0x0000000080000000 is an unknown value
RDX=0x000000000008a0bc is an unknown value
RSP=0x0000000304960a28 is pointing into the stack for thread: 0x00007fea788aa800
RBP=0x0000000304960da0 is pointing into the stack for thread: 0x00007fea788aa800
RSI=0x00007ff820a767a8 is an unknown value
RDI=0x00007fea7681d300 is an unknown value
R8 =0x0000000000001940 is an unknown value
R9 =0x000000000000009e is an unknown value
R10=0x0000000000000000 is an unknown value
R11=0x00007ff820a767a8 is an unknown value
R12=0x0000000000000000 is an unknown value
R13=0x00006000039f5040 is an unknown value
R14=0x00007ff8440dd960: OBJC_CLASS_$_NSEvent+0 in /System/Library/Frameworks/AppKit.framework/Versions/C/AppKit at 0x00007ff804366000
R15=0x00007fea768264a0 is an unknown value


Stack: [0x0000000304165000,0x0000000304965000],  sp=0x0000000304960a28,  free space=8174k
Native frames: (J=compiled Java code, j=interpreted, Vv=VM code, C=native code)
C  [libobjc.A.dylib+0x6a1d]  objc_msgSend+0x1d
C  [AppKit+0x81d944]  __58-[_NSTrackingAreaAKManager _activeTrackingAreasNeedUpdate]_block_invoke+0x13e
C  [AppKit+0x82c895]  ___NSMainRunLoopPerformBlockInModes_block_invoke+0x19
C  [CoreFoundation+0x7be5e]  __CFRUNLOOP_IS_CALLING_OUT_TO_A_BLOCK__+0xc
C  [CoreFoundation+0x7bd97]  __CFRunLoopDoBlocks+0x18c
C  [CoreFoundation+0x7ac1d]  __CFRunLoopRun+0x3ac
C  [CoreFoundation+0x7a2a9]  CFRunLoopRunSpecific+0x22d
C  [HIToolbox+0x2e829]  RunCurrentEventLoopInMode+0x124
C  [HIToolbox+0x2e636]  ReceiveNextEventCommon+0x299
C  [HIToolbox+0x2e381]  _BlockUntilNextEventMatchingListInModeWithFilter+0x42
C  [AppKit+0x3ebe5]  _DPSNextEvent+0x370
C  [AppKit+0x94efe9]  -[NSApplication(NSEventRouting) _nextEventMatchingEventMask:untilDate:inMode:dequeue:]+0x4f9
C  [libosxapp.dylib+0x4739]  -[NSApplicationAWT nextEventMatchingMask:untilDate:inMode:dequeue:]+0x79
C  [AppKit+0x30005]  -[NSApplication run]+0x25b
C  [libosxapp.dylib+0x453c]  +[NSApplicationAWT runAWTLoopWithApp:]+0x97
C  [libawt_lwawt.dylib+0x66cd5]  +[AWTStarter starter:headless:]+0x1bc
C  [libosxapp.dylib+0x601c]  +[ThreadUtilities invokeBlockCopy:]+0xf
C  [Foundation+0x7c935]  __NSThreadPerformPerform+0xb2
C  [CoreFoundation+0x7c226]  __CFRUNLOOP_IS_CALLING_OUT_TO_A_SOURCE0_PERFORM_FUNCTION__+0x11
C  [CoreFoundation+0x7c1c9]  __CFRunLoopDoSource0+0x9d
C  [CoreFoundation+0x7bf98]  __CFRunLoopDoSources0+0xd7
C  [CoreFoundation+0x7ac08]  __CFRunLoopRun+0x397
C  [CoreFoundation+0x7a2a9]  CFRunLoopRunSpecific+0x22d
C  [java+0x876a]  CreateExecutionEnvironment+0x355
C  [java+0x4edf]  JLI_Launch+0x74f
C  [java+0xae7b]  main+0x44
C  0x0000000200597366
C  0x0000000000000000


---------------  P R O C E S S  ---------------

Java Threads: ( => current thread )
  0x00007fea7800e000 JavaThread "DestroyJavaVM" [_thread_blocked, id=10499, stack(0x00000003049e9000,0x0000000304ae9000)]
  0x00007fea77075800 JavaThread "AWT-Shutdown" [_thread_blocked, id=39435, stack(0x0000000305e30000,0x0000000305f30000)]
=>0x00007fea788aa800 JavaThread "AppKit Thread" daemon [_thread_in_native, id=259, stack(0x0000000304165000,0x0000000304965000)]
  0x00007fea77028000 JavaThread "Service Thread" daemon [_thread_blocked, id=31239, stack(0x0000000305c2a000,0x0000000305d2a000)]
  0x00007fea77015000 JavaThread "C1 CompilerThread3" daemon [_thread_blocked, id=22787, stack(0x0000000305b27000,0x0000000305c27000)]
  0x00007fea77014000 JavaThread "C2 CompilerThread2" daemon [_thread_blocked, id=22275, stack(0x0000000305a24000,0x0000000305b24000)]
  0x00007fea77013000 JavaThread "C2 CompilerThread1" daemon [_thread_blocked, id=32259, stack(0x0000000305921000,0x0000000305a21000)]
  0x00007fea7801f000 JavaThread "C2 CompilerThread0" daemon [_thread_blocked, id=21763, stack(0x000000030581e000,0x000000030591e000)]
  0x00007fea7604f000 JavaThread "Signal Dispatcher" daemon [_thread_blocked, id=18543, stack(0x000000030571b000,0x000000030581b000)]
  0x00007fea78823000 JavaThread "Finalizer" daemon [_thread_blocked, id=16923, stack(0x000000030550a000,0x000000030560a000)]
  0x00007fea76035000 JavaThread "Reference Handler" daemon [_thread_blocked, id=21283, stack(0x0000000305407000,0x0000000305507000)]

Other Threads:
  0x00007fea76034800 VMThread [stack: 0x0000000305304000,0x0000000305404000] [id=16387]
  0x00007fea78022000 WatcherThread [stack: 0x0000000305d2d000,0x0000000305e2d000] [id=30747]

VM state:not at safepoint (normal execution)

VM Mutex/Monitor currently owned by a thread: None

heap address: 0x00000006c0000000, size: 4096 MB, Compressed Oops mode: Zero based, Oop shift amount: 3
Narrow klass base: 0x0000000000000000, Narrow klass shift: 3
Compressed class space size: 1073741824 Address: 0x00000007c0000000

Heap:
 PSYoungGen      total 141824K, used 47918K [0x000000076ab00000, 0x0000000774000000, 0x00000007c0000000)
  eden space 131072K, 28% used [0x000000076ab00000,0x000000076cf517b0,0x0000000772b00000)
  from space 10752K, 99% used [0x0000000773580000,0x0000000773ffa200,0x0000000774000000)
  to   space 10752K, 0% used [0x0000000772b00000,0x0000000772b00000,0x0000000773580000)
 ParOldGen       total 175104K, used 20180K [0x00000006c0000000, 0x00000006cab00000, 0x000000076ab00000)
  object space 175104K, 11% used [0x00000006c0000000,0x00000006c13b5268,0x00000006cab00000)
 Metaspace       used 7377K, capacity 7583K, committed 7808K, reserved 1056768K
  class space    used 745K, capacity 808K, committed 896K, reserved 1048576K

Card table byte_map: [0x0000000109110000,0x0000000109911000] byte_map_base: 0x0000000105b10000

Marking Bits: (ParMarkBitMap*) 0x000000010a27af78
 Begin Bits: [0x000000011aed4000, 0x000000011eed4000)
 End Bits:   [0x000000011eed4000, 0x0000000122ed4000)

Polling page: 0x0000000108816000

CodeCache: size=245760Kb used=3130Kb max_used=3141Kb free=242629Kb
 bounds [0x000000010b97e000, 0x000000010bc9e000, 0x000000011a97e000]
 total_blobs=1318 nmethods=907 adapters=325
 compilation: enabled

Compilation events (10 events):
Event: 7.665 Thread 0x00007fea77015000  902       3       java.nio.Bits::putLong (21 bytes)
Event: 7.666 Thread 0x00007fea77015000 nmethod 902 0x000000010bc8d650 code [0x000000010bc8d7c0, 0x000000010bc8d998]
Event: 7.908 Thread 0x00007fea77015000  903       3       java.lang.Object::wait (6 bytes)
Event: 7.909 Thread 0x00007fea77015000 nmethod 903 0x000000010bc8d250 code [0x000000010bc8d3c0, 0x000000010bc8d5c8]
Event: 7.965 Thread 0x00007fea77015000  904       3       org.lwjgl.opengl.MacOSXNativeMouse::putMouseEventWithCoords (58 bytes)
Event: 7.966 Thread 0x00007fea77015000 nmethod 904 0x000000010bc8c410 code [0x000000010bc8c600, 0x000000010bc8cea8]
Event: 7.973 Thread 0x00007fea77015000  905  s    3       org.lwjgl.opengl.MacOSXNativeMouse::mouseMoved (138 bytes)
Event: 7.974 Thread 0x00007fea77015000 nmethod 905 0x000000010bc8b810 code [0x000000010bc8ba00, 0x000000010bc8c268]
Event: 8.213 Thread 0x00007fea7801f000  907       4       java.nio.DirectByteBuffer::put (18 bytes)
Event: 8.215 Thread 0x00007fea7801f000 nmethod 907 0x000000010bc91590 code [0x000000010bc916e0, 0x000000010bc91798]

GC Heap History (4 events):
Event: 0.918 GC heap before
{Heap before GC invocations=1 (full 0):
 PSYoungGen      total 76288K, used 65536K [0x000000076ab00000, 0x0000000770000000, 0x00000007c0000000)
  eden space 65536K, 100% used [0x000000076ab00000,0x000000076eb00000,0x000000076eb00000)
  from space 10752K, 0% used [0x000000076f580000,0x000000076f580000,0x0000000770000000)
  to   space 10752K, 0% used [0x000000076eb00000,0x000000076eb00000,0x000000076f580000)
 ParOldGen       total 175104K, used 0K [0x00000006c0000000, 0x00000006cab00000, 0x000000076ab00000)
  object space 175104K, 0% used [0x00000006c0000000,0x00000006c0000000,0x00000006cab00000)
 Metaspace       used 6339K, capacity 6515K, committed 6656K, reserved 1056768K
  class space    used 646K, capacity 708K, committed 768K, reserved 1048576K
Event: 0.939 GC heap after
Heap after GC invocations=1 (full 0):
 PSYoungGen      total 76288K, used 10733K [0x000000076ab00000, 0x0000000774000000, 0x00000007c0000000)
  eden space 65536K, 0% used [0x000000076ab00000,0x000000076ab00000,0x000000076eb00000)
  from space 10752K, 99% used [0x000000076eb00000,0x000000076f57b698,0x000000076f580000)
  to   space 10752K, 0% used [0x0000000773580000,0x0000000773580000,0x0000000774000000)
 ParOldGen       total 175104K, used 4684K [0x00000006c0000000, 0x00000006cab00000, 0x000000076ab00000)
  object space 175104K, 2% used [0x00000006c0000000,0x00000006c0493268,0x00000006cab00000)
 Metaspace       used 6339K, capacity 6515K, committed 6656K, reserved 1056768K
  class space    used 646K, capacity 708K, committed 768K, reserved 1048576K
}
Event: 1.039 GC heap before
{Heap before GC invocations=2 (full 0):
 PSYoungGen      total 76288K, used 74727K [0x000000076ab00000, 0x0000000774000000, 0x00000007c0000000)
  eden space 65536K, 97% used [0x000000076ab00000,0x000000076e97e700,0x000000076eb00000)
  from space 10752K, 99% used [0x000000076eb00000,0x000000076f57b698,0x000000076f580000)
  to   space 10752K, 0% used [0x0000000773580000,0x0000000773580000,0x0000000774000000)
 ParOldGen       total 175104K, used 4684K [0x00000006c0000000, 0x00000006cab00000, 0x000000076ab00000)
  object space 175104K, 2% used [0x00000006c0000000,0x00000006c0493268,0x00000006cab00000)
 Metaspace       used 6342K, capacity 6515K, committed 6656K, reserved 1056768K
  class space    used 646K, capacity 708K, committed 768K, reserved 1048576K
Event: 1.076 GC heap after
Heap after GC invocations=2 (full 0):
 PSYoungGen      total 141824K, used 10728K [0x000000076ab00000, 0x0000000774000000, 0x00000007c0000000)
  eden space 131072K, 0% used [0x000000076ab00000,0x000000076ab00000,0x0000000772b00000)
  from space 10752K, 99% used [0x0000000773580000,0x0000000773ffa200,0x0000000774000000)
  to   space 10752K, 0% used [0x0000000772b00000,0x0000000772b00000,0x0000000773580000)
 ParOldGen       total 175104K, used 20180K [0x00000006c0000000, 0x00000006cab00000, 0x000000076ab00000)
  object space 175104K, 11% used [0x00000006c0000000,0x00000006c13b5268,0x00000006cab00000)
 Metaspace       used 6342K, capacity 6515K, committed 6656K, reserved 1056768K
  class space    used 646K, capacity 708K, committed 768K, reserved 1048576K
}

Deoptimization events (10 events):
Event: 1.112 Thread 0x00007fea7800e000 Uncommon trap: reason=unstable_if action=reinterpret pc=0x000000010bbbb284 method=java.util.ArrayList$ArrayListSpliterator.getFence()I @ 6
Event: 1.112 Thread 0x00007fea7800e000 Uncommon trap: reason=predicate action=maybe_recompile pc=0x000000010bbc086c method=java.util.ArrayList$ArrayListSpliterator.forEachRemaining(Ljava/util/function/Consumer;)V @ 90
Event: 1.113 Thread 0x00007fea7800e000 Uncommon trap: reason=array_check action=maybe_recompile pc=0x000000010bbd3e5c method=java.util.stream.Nodes$FixedNodeBuilder.accept(Ljava/lang/Object;)V @ 28
Event: 1.114 Thread 0x00007fea7800e000 Uncommon trap: reason=array_check action=maybe_recompile pc=0x000000010bbd3e5c method=java.util.stream.Nodes$FixedNodeBuilder.accept(Ljava/lang/Object;)V @ 28
Event: 1.114 Thread 0x00007fea7800e000 Uncommon trap: reason=array_check action=maybe_recompile pc=0x000000010bbd3e5c method=java.util.stream.Nodes$FixedNodeBuilder.accept(Ljava/lang/Object;)V @ 28
Event: 1.114 Thread 0x00007fea7800e000 Uncommon trap: reason=array_check action=maybe_recompile pc=0x000000010bbd3e5c method=java.util.stream.Nodes$FixedNodeBuilder.accept(Ljava/lang/Object;)V @ 28
Event: 1.121 Thread 0x00007fea7800e000 Uncommon trap: reason=array_check action=maybe_recompile pc=0x000000010bbd94c8 method=java.util.stream.Nodes$FixedNodeBuilder.accept(Ljava/lang/Object;)V @ 28
Event: 1.133 Thread 0x00007fea7800e000 Uncommon trap: reason=class_check action=maybe_recompile pc=0x000000010bbbc370 method=java.util.stream.AbstractPipeline.wrapAndCopyInto(Ljava/util/stream/Sink;Ljava/util/Spliterator;)Ljava/util/stream/Sink; @ 6
Event: 1.134 Thread 0x00007fea7800e000 Uncommon trap: reason=class_check action=maybe_recompile pc=0x000000010bba3ba4 method=java.util.stream.AbstractPipeline.wrapSink(Ljava/util/stream/Sink;)Ljava/util/stream/Sink; @ 23
Event: 1.134 Thread 0x00007fea7800e000 Uncommon trap: reason=unstable_if action=reinterpret pc=0x000000010bbba30c method=java.util.ArrayList$ArrayListSpliterator.getFence()I @ 6

Classes redefined (0 events):
No events

Internal exceptions (9 events):
Event: 0.033 Thread 0x00007fea7800e000 Exception <a 'java/lang/NoSuchMethodError': Method sun.misc.Unsafe.defineClass(Ljava/lang/String;[BII)Ljava/lang/Class; name or signature does not match> (0x000000076ab07ce0) thrown at [/Users/java_re/jenkins/workspace/8-2-build-macosx-x64-Xcode12.4-sans-
Event: 0.033 Thread 0x00007fea7800e000 Exception <a 'java/lang/NoSuchMethodError': Method sun.misc.Unsafe.prefetchRead(Ljava/lang/Object;J)V name or signature does not match> (0x000000076ab07fc8) thrown at [/Users/java_re/jenkins/workspace/8-2-build-macosx-x64-Xcode12.4-sans-NAS/jdk8u411/893/h
Event: 0.138 Thread 0x00007fea7800e000 Exception <a 'java/security/PrivilegedActionException'> (0x000000076ac22160) thrown at [/Users/java_re/jenkins/workspace/8-2-build-macosx-x64-Xcode12.4-sans-NAS/jdk8u411/893/hotspot/src/share/vm/prims/jvm.cpp, line 1513]
Event: 0.138 Thread 0x00007fea7800e000 Exception <a 'java/security/PrivilegedActionException'> (0x000000076ac22370) thrown at [/Users/java_re/jenkins/workspace/8-2-build-macosx-x64-Xcode12.4-sans-NAS/jdk8u411/893/hotspot/src/share/vm/prims/jvm.cpp, line 1513]
Event: 0.147 Thread 0x00007fea7800e000 Exception <a 'java/io/FileNotFoundException'> (0x000000076ac25a18) thrown at [/Users/java_re/jenkins/workspace/8-2-build-macosx-x64-Xcode12.4-sans-NAS/jdk8u411/893/hotspot/src/share/vm/prims/jni.cpp, line 710]
Event: 0.147 Thread 0x00007fea7800e000 Exception <a 'java/io/FileNotFoundException'> (0x000000076ac265b8) thrown at [/Users/java_re/jenkins/workspace/8-2-build-macosx-x64-Xcode12.4-sans-NAS/jdk8u411/893/hotspot/src/share/vm/prims/jni.cpp, line 710]
Event: 0.223 Thread 0x00007fea7800e000 Exception <a 'java/lang/NoSuchFieldError': method resolution failed> (0x000000076ae46a50) thrown at [/Users/java_re/jenkins/workspace/8-2-build-macosx-x64-Xcode12.4-sans-NAS/jdk8u411/893/hotspot/src/share/vm/prims/methodHandles.cpp, line 1188]
Event: 0.231 Thread 0x00007fea7800e000 Exception <a 'java/lang/NoSuchFieldError': method resolution failed> (0x000000076ae545a8) thrown at [/Users/java_re/jenkins/workspace/8-2-build-macosx-x64-Xcode12.4-sans-NAS/jdk8u411/893/hotspot/src/share/vm/prims/methodHandles.cpp, line 1188]
Event: 0.490 Thread 0x00007fea7800e000 Exception <a 'java/lang/UnsatisfiedLinkError'> (0x000000076b024f48) thrown at [/Users/java_re/jenkins/workspace/8-2-build-macosx-x64-Xcode12.4-sans-NAS/jdk8u411/893/hotspot/src/share/vm/prims/jvm.cpp, line 1517]

Events (10 events):
Event: 3.362 Thread 0x00007fea7800e000 DEOPT PACKING pc=0x000000010bc3e083 sp=0x0000000304ae87c0
Event: 3.362 Thread 0x00007fea7800e000 DEOPT UNPACKING pc=0x000000010b9c5404 sp=0x0000000304ae85f0 mode 0
Event: 4.099 Executing VM operation: EnableBiasedLocking
Event: 4.100 Executing VM operation: EnableBiasedLocking done
Event: 8.209 loading class org/lwjgl/opengl/CallbackUtil
Event: 8.209 loading class org/lwjgl/opengl/CallbackUtil done
Event: 8.221 loading class jdk/internal/misc/TerminatingThreadLocal$1
Event: 8.221 loading class jdk/internal/misc/TerminatingThreadLocal$1 done
Event: 8.222 Thread 0x00007fea7800e000 Thread exited: 0x00007fea7800e000
Event: 8.222 Thread 0x00007fea7800e000 Thread added: 0x00007fea7800e000


Dynamic libraries:
0x00007ff81c4fc000 	/System/Library/Frameworks/Cocoa.framework/Versions/A/Cocoa
0x00007ff804366000 	/System/Library/Frameworks/AppKit.framework/Versions/C/AppKit
0x00007ff8076ce000 	/System/Library/Frameworks/CoreData.framework/Versions/A/CoreData
0x00007ff801c92000 	/System/Library/Frameworks/Foundation.framework/Versions/C/Foundation
0x00007ff80e629000 	/usr/lib/libSystem.B.dylib
0x00007ff805794000 	/System/Library/PrivateFrameworks/UIFoundation.framework/Versions/A/UIFoundation
0x00007ffb0a162000 	/System/Library/PrivateFrameworks/CollectionViewCore.framework/Versions/A/CollectionViewCore
0x00007ff815ce3000 	/System/Library/PrivateFrameworks/RemoteViewServices.framework/Versions/A/RemoteViewServices
0x00007ff80bf46000 	/System/Library/PrivateFrameworks/XCTTargetBootstrap.framework/Versions/A/XCTTargetBootstrap
0x00007ff8110fd000 	/System/Library/PrivateFrameworks/InternationalSupport.framework/Versions/A/InternationalSupport
0x00007ff811151000 	/System/Library/PrivateFrameworks/UserActivity.framework/Versions/A/UserActivity
0x00007ffc0c041000 	/System/Library/PrivateFrameworks/WindowManagement.framework/Versions/A/WindowManagement
0x00007ff801941000 	/System/Library/Frameworks/SystemConfiguration.framework/Versions/A/SystemConfiguration
0x00007ff810476000 	/usr/lib/libspindump.dylib
0x00007ff805971000 	/System/Library/Frameworks/UniformTypeIdentifiers.framework/Versions/A/UniformTypeIdentifiers
0x00007ff809f35000 	/usr/lib/libapp_launch_measurement.dylib
0x00007ff808c19000 	/System/Library/PrivateFrameworks/CoreAnalytics.framework/Versions/A/CoreAnalytics
0x00007ff809f38000 	/System/Library/PrivateFrameworks/CoreAutoLayout.framework/Versions/A/CoreAutoLayout
0x00007ff80b7b2000 	/System/Library/Frameworks/Metal.framework/Versions/A/Metal
0x00007ff80c751000 	/usr/lib/liblangid.dylib
0x00007ff80bf4b000 	/System/Library/PrivateFrameworks/CoreSVG.framework/Versions/A/CoreSVG
0x00007ff806333000 	/System/Library/PrivateFrameworks/SkyLight.framework/Versions/A/SkyLight
0x00007ff806794000 	/System/Library/Frameworks/CoreGraphics.framework/Versions/A/CoreGraphics
0x00007ff8163af000 	/System/Library/Frameworks/Accelerate.framework/Versions/A/Accelerate
0x00007ff8102d7000 	/System/Library/PrivateFrameworks/IconServices.framework/Versions/A/IconServices
0x00007ff80b793000 	/System/Library/Frameworks/IOSurface.framework/Versions/A/IOSurface
0x00007ff808c45000 	/usr/lib/libDiagnosticMessagesClient.dylib
0x00007ff80e541000 	/usr/lib/libz.1.dylib
0x00007ff819dd7000 	/System/Library/Frameworks/ApplicationServices.framework/Versions/A/ApplicationServices
0x00007ff80bf33000 	/System/Library/PrivateFrameworks/DFRFoundation.framework/Versions/A/DFRFoundation
0x00007ff803c14000 	/usr/lib/libicucore.A.dylib
0x00007ff81209e000 	/System/Library/Frameworks/AudioToolbox.framework/Versions/A/AudioToolbox
0x00007ff81110c000 	/System/Library/PrivateFrameworks/DataDetectorsCore.framework/Versions/A/DataDetectorsCore
0x00007ff90b5af000 	/System/Library/PrivateFrameworks/TextInput.framework/Versions/A/TextInput
0x00007ff80628c000 	/usr/lib/libMobileGestalt.dylib
0x00007ff80bc98000 	/System/Library/Frameworks/Carbon.framework/Versions/A/Frameworks/HIToolbox.framework/Versions/A/HIToolbox
0x00007ff809891000 	/System/Library/Frameworks/QuartzCore.framework/Versions/A/QuartzCore
0x00007ff803866000 	/System/Library/Frameworks/Security.framework/Versions/A/Security
0x00007ff815d1b000 	/System/Library/Frameworks/Carbon.framework/Versions/A/Frameworks/SpeechRecognition.framework/Versions/A/SpeechRecognition
0x00007ff809c68000 	/System/Library/PrivateFrameworks/CoreUI.framework/Versions/A/CoreUI
0x00007ff803141000 	/System/Library/Frameworks/CoreAudio.framework/Versions/A/CoreAudio
0x00007ff808d25000 	/System/Library/Frameworks/DiskArbitration.framework/Versions/A/DiskArbitration
0x00007ff8108a6000 	/System/Library/PrivateFrameworks/MultitouchSupport.framework/Versions/A/MultitouchSupport
0x00007ff80628b000 	/usr/lib/libenergytrace.dylib
0x00007ff900e84000 	/System/Library/PrivateFrameworks/RenderBox.framework/Versions/A/RenderBox
0x00007ff80423d000 	/System/Library/Frameworks/IOKit.framework/Versions/A/IOKit
0x00007ff8160ee000 	/System/Library/Frameworks/CoreServices.framework/Versions/A/CoreServices
0x00007ff809ecd000 	/System/Library/PrivateFrameworks/PerformanceAnalysis.framework/Versions/A/PerformanceAnalysis
0x00007ffa1a288000 	/System/Library/Frameworks/OpenGL.framework/Versions/A/OpenGL
0x00007ff809f81000 	/usr/lib/libxml2.2.dylib
0x00007ff80d814000 	/System/Library/PrivateFrameworks/MobileKeyBag.framework/Versions/A/MobileKeyBag
0x00007ff80092c000 	/usr/lib/libobjc.A.dylib
0x00007ff800c2e000 	/usr/lib/libc++.1.dylib
0x00007ff81606a000 	/System/Library/Frameworks/Accessibility.framework/Versions/A/Accessibility
0x00007ff807028000 	/System/Library/Frameworks/ColorSync.framework/Versions/A/ColorSync
0x00007ff800d61000 	/System/Library/Frameworks/CoreFoundation.framework/Versions/A/CoreFoundation
0x00007ff80c2be000 	/System/Library/Frameworks/CoreImage.framework/Versions/A/CoreImage
0x00007ff802f3a000 	/System/Library/Frameworks/CoreText.framework/Versions/A/CoreText
0x00007ffa2049a000 	/System/Library/Frameworks/CoreTransferable.framework/Versions/A/CoreTransferable
0x00007ffa2089f000 	/System/Library/Frameworks/DeveloperToolsSupport.framework/Versions/A/DeveloperToolsSupport
0x00007ff80bf84000 	/System/Library/Frameworks/ImageIO.framework/Versions/A/ImageIO
0x00007ffb04b24000 	/System/Library/Frameworks/Symbols.framework/Versions/A/Symbols
0x00007ff80e62e000 	/System/Library/PrivateFrameworks/SoftLinking.framework/Versions/A/SoftLinking
0x00007ff811b0e000 	/usr/lib/swift/libswiftCore.dylib
0x00007ff908193000 	/usr/lib/swift/libswiftCoreFoundation.dylib
0x00007ff905e20000 	/usr/lib/swift/libswiftCoreGraphics.dylib
0x00007ff9081d1000 	/usr/lib/swift/libswiftCoreImage.dylib
0x00007ff905e27000 	/usr/lib/swift/libswiftDarwin.dylib
0x00007ff817a51000 	/usr/lib/swift/libswiftDispatch.dylib
0x00007ff9081d2000 	/usr/lib/swift/libswiftIOKit.dylib
0x00007ff9141c1000 	/usr/lib/swift/libswiftMetal.dylib
0x00007ffa0191b000 	/usr/lib/swift/libswiftOSLog.dylib
0x00007ff81a242000 	/usr/lib/swift/libswiftObjectiveC.dylib
0x00007ff918752000 	/usr/lib/swift/libswiftQuartzCore.dylib
0x00007ff91c83d000 	/usr/lib/swift/libswiftUniformTypeIdentifiers.dylib
0x00007ff9081a3000 	/usr/lib/swift/libswiftXPC.dylib
0x00007ffc1470b000 	/usr/lib/swift/libswift_Concurrency.dylib
0x00007ff81a246000 	/usr/lib/swift/libswiftos.dylib
0x00007ff90b511000 	/usr/lib/swift/libswiftsimd.dylib
0x00007ff80e7c7000 	/usr/lib/libcompression.dylib
0x00007ff81103d000 	/System/Library/PrivateFrameworks/TextureIO.framework/Versions/A/TextureIO
0x00007ff80fee2000 	/usr/lib/libate.dylib
0x00007ff80e623000 	/usr/lib/system/libcache.dylib
0x00007ff80e5df000 	/usr/lib/system/libcommonCrypto.dylib
0x00007ff80e607000 	/usr/lib/system/libcompiler_rt.dylib
0x00007ff80e5fc000 	/usr/lib/system/libcopyfile.dylib
0x00007ff800a65000 	/usr/lib/system/libcorecrypto.dylib
0x00007ff800b5c000 	/usr/lib/system/libdispatch.dylib
0x00007ff800d06000 	/usr/lib/system/libdyld.dylib
0x00007ff80e619000 	/usr/lib/system/libkeymgr.dylib
0x00007ff80e5c0000 	/usr/lib/system/libmacho.dylib
0x00007ff80d8ef000 	/usr/lib/system/libquarantine.dylib
0x00007ff80e617000 	/usr/lib/system/libremovefile.dylib
0x00007ff8062fe000 	/usr/lib/system/libsystem_asl.dylib
0x00007ff8009ff000 	/usr/lib/system/libsystem_blocks.dylib
0x00007ff800ba6000 	/usr/lib/system/libsystem_c.dylib
0x00007ff80e60f000 	/usr/lib/system/libsystem_collections.dylib
0x00007ff80c741000 	/usr/lib/system/libsystem_configuration.dylib
0x00007ff80b76a000 	/usr/lib/system/libsystem_containermanager.dylib
0x00007ff80e211000 	/usr/lib/system/libsystem_coreservices.dylib
0x00007ff803eb5000 	/usr/lib/system/libsystem_darwin.dylib
0x00007ffc14a39000 	/usr/lib/system/libsystem_darwindirectory.dylib
0x00007ff80e61a000 	/usr/lib/system/libsystem_dnssd.dylib
0x00007ffc14a3d000 	/usr/lib/system/libsystem_eligibility.dylib
0x00007ff800ba3000 	/usr/lib/system/libsystem_featureflags.dylib
0x00007ff800d36000 	/usr/lib/system/libsystem_info.dylib
0x00007ff80e555000 	/usr/lib/system/libsystem_m.dylib
0x00007ff800b1c000 	/usr/lib/system/libsystem_malloc.dylib
0x00007ff806272000 	/usr/lib/system/libsystem_networkextension.dylib
0x00007ff804301000 	/usr/lib/system/libsystem_notify.dylib
0x00007ff80c745000 	/usr/lib/system/libsystem_sandbox.dylib
0x00007ffc14a40000 	/usr/lib/system/libsystem_sanitizers.dylib
0x00007ff80e614000 	/usr/lib/system/libsystem_secinit.dylib
0x00007ff800cbf000 	/usr/lib/system/libsystem_kernel.dylib
0x00007ff800d2b000 	/usr/lib/system/libsystem_platform.dylib
0x00007ff800cfa000 	/usr/lib/system/libsystem_pthread.dylib
0x00007ff807f6e000 	/usr/lib/system/libsystem_symptoms.dylib
0x00007ff800a4b000 	/usr/lib/system/libsystem_trace.dylib
0x00007ff80e5eb000 	/usr/lib/system/libunwind.dylib
0x00007ff800a03000 	/usr/lib/system/libxpc.dylib
0x00007ff800ca9000 	/usr/lib/libc++abi.dylib
0x00007ff80e5f4000 	/usr/lib/liboah.dylib
0x00007ff80fc68000 	/usr/lib/liblzma.5.dylib
0x00007ff80e62b000 	/usr/lib/libfakelink.dylib
0x00007ff805ec2000 	/System/Library/Frameworks/CFNetwork.framework/Versions/A/CFNetwork
0x00007ff80e67d000 	/usr/lib/libarchive.2.dylib
0x00007ff813f67000 	/System/Library/Frameworks/Combine.framework/Versions/A/Combine
0x00007ffb0a177000 	/System/Library/PrivateFrameworks/CollectionsInternal.framework/Versions/A/CollectionsInternal
0x00007ffb1f39f000 	/System/Library/PrivateFrameworks/ReflectionInternal.framework/Versions/A/ReflectionInternal
0x00007ffb1f918000 	/System/Library/PrivateFrameworks/RuntimeInternal.framework/Versions/A/RuntimeInternal
0x00007ffc14846000 	/usr/lib/swift/libswift_StringProcessing.dylib
0x00007ff8041bb000 	/System/Library/PrivateFrameworks/CoreServicesInternal.framework/Versions/A/CoreServicesInternal
0x00007ff80d914000 	/usr/lib/libbsm.0.dylib
0x00007ff80e5c6000 	/usr/lib/system/libkxld.dylib
0x00007ff809f00000 	/System/Library/Frameworks/CoreServices.framework/Versions/A/Frameworks/FSEvents.framework/Versions/A/FSEvents
0x00007ff803ec0000 	/System/Library/Frameworks/CoreServices.framework/Versions/A/Frameworks/CarbonCore.framework/Versions/A/CarbonCore
0x00007ff808c8d000 	/System/Library/Frameworks/CoreServices.framework/Versions/A/Frameworks/Metadata.framework/Versions/A/Metadata
0x00007ff80e217000 	/System/Library/Frameworks/CoreServices.framework/Versions/A/Frameworks/OSServices.framework/Versions/A/OSServices
0x00007ff80e706000 	/System/Library/Frameworks/CoreServices.framework/Versions/A/Frameworks/SearchKit.framework/Versions/A/SearchKit
0x00007ff807ef4000 	/System/Library/Frameworks/CoreServices.framework/Versions/A/Frameworks/AE.framework/Versions/A/AE
0x00007ff8011fb000 	/System/Library/Frameworks/CoreServices.framework/Versions/A/Frameworks/LaunchServices.framework/Versions/A/LaunchServices
0x00007ff80fc19000 	/System/Library/Frameworks/CoreServices.framework/Versions/A/Frameworks/DictionaryServices.framework/Versions/A/DictionaryServices
0x00007ff809f0d000 	/System/Library/Frameworks/CoreServices.framework/Versions/A/Frameworks/SharedFileList.framework/Versions/A/SharedFileList
0x00007ff80e791000 	/usr/lib/libapple_nghttp2.dylib
0x00007ff807b69000 	/usr/lib/libsqlite3.dylib
0x00007ff807f76000 	/System/Library/Frameworks/Network.framework/Versions/A/Network
0x00007ffc130bb000 	/usr/lib/libCoreEntitlements.dylib
0x00007ffb1aba2000 	/System/Library/PrivateFrameworks/MessageSecurity.framework/Versions/A/MessageSecurity
0x00007ff807b50000 	/System/Library/PrivateFrameworks/ProtocolBuffer.framework/Versions/A/ProtocolBuffer
0x00007ff80e134000 	/System/Library/PrivateFrameworks/AppleFSCompression.framework/Versions/A/AppleFSCompression
0x00007ff80d8fc000 	/usr/lib/libcoretls.dylib
0x00007ff80fc87000 	/usr/lib/libcoretls_cfhelpers.dylib
0x00007ff80e7c1000 	/usr/lib/libpam.2.dylib
0x00007ff80fd00000 	/usr/lib/libxar.1.dylib
0x00007ff8102b0000 	/usr/lib/libheimdal-asn1.dylib
0x00007ff805ec1000 	/usr/lib/libnetwork.dylib
0x00007ff80e62f000 	/usr/lib/libpcap.A.dylib
0x00007ff807f64000 	/usr/lib/libdns_services.dylib
0x00007ff80c74c000 	/System/Library/PrivateFrameworks/AppleSystemInfo.framework/Versions/A/AppleSystemInfo
0x00007ff80d615000 	/System/Library/PrivateFrameworks/IOMobileFramebuffer.framework/Versions/A/IOMobileFramebuffer
0x00007ffc14798000 	/usr/lib/swift/libswift_RegexParser.dylib
0x00007ff80e202000 	/usr/lib/libbz2.1.0.dylib
0x00007ff80d8f2000 	/usr/lib/libCheckFix.dylib
0x00007ff806315000 	/System/Library/PrivateFrameworks/TCC.framework/Versions/A/TCC
0x00007ff80c753000 	/System/Library/PrivateFrameworks/CoreNLP.framework/Versions/A/CoreNLP
0x00007ff808c47000 	/System/Library/PrivateFrameworks/MetadataUtilities.framework/Versions/A/MetadataUtilities
0x00007ff80d924000 	/usr/lib/libmecab.dylib
0x00007ff8019c8000 	/usr/lib/libCRFSuite.dylib
0x00007ff80d97d000 	/usr/lib/libgermantok.dylib
0x00007ff80e76c000 	/usr/lib/libThaiTokenizer.dylib
0x00007ff808d2d000 	/System/Library/Frameworks/Accelerate.framework/Versions/A/Frameworks/vImage.framework/Versions/A/vImage
0x00007ff8160c4000 	/System/Library/Frameworks/Accelerate.framework/Versions/A/Frameworks/vecLib.framework/Versions/A/vecLib
0x00007ff80fd42000 	/System/Library/Frameworks/Accelerate.framework/Versions/A/Frameworks/vecLib.framework/Versions/A/libvMisc.dylib
0x00007ff80d3e5000 	/System/Library/Frameworks/Accelerate.framework/Versions/A/Frameworks/vecLib.framework/Versions/A/libvDSP.dylib
0x00007ff801608000 	/System/Library/Frameworks/Accelerate.framework/Versions/A/Frameworks/vecLib.framework/Versions/A/libBLAS.dylib
0x00007ff80e8a9000 	/System/Library/Frameworks/Accelerate.framework/Versions/A/Frameworks/vecLib.framework/Versions/A/libLAPACK.dylib
0x00007ff80d980000 	/System/Library/Frameworks/Accelerate.framework/Versions/A/Frameworks/vecLib.framework/Versions/A/libLinearAlgebra.dylib
0x00007ff80e7ac000 	/System/Library/Frameworks/Accelerate.framework/Versions/A/Frameworks/vecLib.framework/Versions/A/libSparseBLAS.dylib
0x00007ff80e8a3000 	/System/Library/Frameworks/Accelerate.framework/Versions/A/Frameworks/vecLib.framework/Versions/A/libQuadrature.dylib
0x00007ff80c869000 	/System/Library/Frameworks/Accelerate.framework/Versions/A/Frameworks/vecLib.framework/Versions/A/libBNNS.dylib
0x00007ff8018c9000 	/System/Library/Frameworks/Accelerate.framework/Versions/A/Frameworks/vecLib.framework/Versions/A/libSparse.dylib
0x00007ffb19447000 	/System/Library/PrivateFrameworks/MIL.framework/Versions/A/MIL
0x00007ff80e665000 	/usr/lib/libiconv.2.dylib
0x00007ff80e5bf000 	/usr/lib/libcharset.1.dylib
0x00007ff809ee4000 	/System/Library/Frameworks/OpenDirectory.framework/Versions/A/Frameworks/CFOpenDirectory.framework/Versions/A/CFOpenDirectory
0x00007ff809ed8000 	/System/Library/Frameworks/OpenDirectory.framework/Versions/A/OpenDirectory
0x00007ff80fc89000 	/System/Library/PrivateFrameworks/APFS.framework/Versions/A/APFS
0x00007ff80d837000 	/System/Library/Frameworks/SecurityFoundation.framework/Versions/A/SecurityFoundation
0x00007ff80fd0e000 	/usr/lib/libutil.dylib
0x00007ffb17875000 	/System/Library/PrivateFrameworks/InstalledContentLibrary.framework/Versions/A/InstalledContentLibrary
0x00007ff8041fd000 	/System/Library/PrivateFrameworks/CoreServicesStore.framework/Versions/A/CoreServicesStore
0x00007ffb07d91000 	/System/Library/PrivateFrameworks/AppleMobileFileIntegrity.framework/Versions/A/AppleMobileFileIntegrity
0x00007ff908165000 	/usr/lib/libmis.dylib
0x00007ff918c2e000 	/System/Library/PrivateFrameworks/MobileSystemServices.framework/Versions/A/MobileSystemServices
0x00007ffa15f5b000 	/System/Library/PrivateFrameworks/ConfigProfileHelper.framework/Versions/A/ConfigProfileHelper
0x00007ff80e76e000 	/System/Library/PrivateFrameworks/AppleSauce.framework/Versions/A/AppleSauce
0x00007ff8028c9000 	/System/Library/PrivateFrameworks/LanguageModeling.framework/Versions/A/LanguageModeling
0x00007ff80fd12000 	/usr/lib/libxslt.1.dylib
0x00007ff80e66c000 	/usr/lib/libcmph.dylib
0x00007ff80d5e3000 	/System/Library/PrivateFrameworks/CoreEmoji.framework/Versions/A/CoreEmoji
0x00007ff80c863000 	/System/Library/PrivateFrameworks/LinguisticData.framework/Versions/A/LinguisticData
0x00007ff8017e0000 	/System/Library/PrivateFrameworks/Lexicon.framework/Versions/A/Lexicon
0x00007ff80d8c0000 	/System/Library/PrivateFrameworks/BackgroundTaskManagement.framework/Versions/A/BackgroundTaskManagement
0x00007ffc1322a000 	/usr/lib/libTLE.dylib
0x00007ff810770000 	/System/Library/PrivateFrameworks/AppleJPEG.framework/Versions/A/AppleJPEG
0x00007ff810295000 	/usr/lib/libexpat.1.dylib
0x00007ff810e98000 	/System/Library/Frameworks/ImageIO.framework/Versions/A/Resources/libPng.dylib
0x00007ff810ec5000 	/System/Library/Frameworks/ImageIO.framework/Versions/A/Resources/libTIFF.dylib
0x00007ff810fb7000 	/System/Library/Frameworks/ImageIO.framework/Versions/A/Resources/libGIF.dylib
0x00007ff8107bc000 	/System/Library/Frameworks/ImageIO.framework/Versions/A/Resources/libJP2.dylib
0x00007ff810f57000 	/System/Library/Frameworks/ImageIO.framework/Versions/A/Resources/libJPEG.dylib
0x00007ff810f4e000 	/System/Library/Frameworks/ImageIO.framework/Versions/A/Resources/libRadiance.dylib
0x00007ff80bb38000 	/System/Library/PrivateFrameworks/FontServices.framework/libFontParser.dylib
0x00007ff807e91000 	/System/Library/PrivateFrameworks/RunningBoardServices.framework/Versions/A/RunningBoardServices
0x00007ff81ccc8000 	/System/Library/PrivateFrameworks/IOSurfaceAccelerator.framework/Versions/A/IOSurfaceAccelerator
0x00007ff8108a4000 	/System/Library/PrivateFrameworks/WatchdogClient.framework/Versions/A/WatchdogClient
0x00007ff802a96000 	/System/Library/Frameworks/CoreDisplay.framework/Versions/A/CoreDisplay
0x00007ff80ba07000 	/System/Library/Frameworks/CoreMedia.framework/Versions/A/CoreMedia
0x00007ff80b7a9000 	/System/Library/PrivateFrameworks/IOAccelerator.framework/Versions/A/IOAccelerator
0x00007ff80a061000 	/System/Library/Frameworks/CoreVideo.framework/Versions/A/CoreVideo
0x00007ff80e7bf000 	/System/Library/Frameworks/MetalPerformanceShaders.framework/Versions/A/MetalPerformanceShaders
0x00007ff8108e3000 	/System/Library/Frameworks/VideoToolbox.framework/Versions/A/VideoToolbox
0x00007ff80a0ee000 	/System/Library/PrivateFrameworks/UserManagement.framework/Versions/A/UserManagement
0x00007ff807dba000 	/System/Library/PrivateFrameworks/BaseBoard.framework/Versions/A/BaseBoard
0x00007ff80c74b000 	/System/Library/PrivateFrameworks/AggregateDictionary.framework/Versions/A/AggregateDictionary
0x00007ffb07b8e000 	/System/Library/PrivateFrameworks/AppleKeyStore.framework/Versions/A/AppleKeyStore
0x00007ff810f47000 	/System/Library/PrivateFrameworks/GPUWrangler.framework/Versions/A/GPUWrangler
0x00007ff810f2b000 	/System/Library/PrivateFrameworks/IOPresentment.framework/Versions/A/IOPresentment
0x00007ff810f51000 	/System/Library/PrivateFrameworks/DSExternalDisplay.framework/Versions/A/DSExternalDisplay
0x00007ffb138a6000 	/System/Library/PrivateFrameworks/GPUCompiler.framework/Versions/32023/Libraries/libllvm-flatbuffers.dylib
0x00007ffa1a27c000 	/System/Library/Frameworks/OpenGL.framework/Versions/A/Libraries/libCoreFSCache.dylib
0x00007ffb10a2e000 	/System/Library/PrivateFrameworks/GPUCompiler.framework/Versions/32023/Libraries/libGPUCompilerUtils.dylib
0x00007ff810fbd000 	/System/Library/PrivateFrameworks/CMCaptureCore.framework/Versions/A/CMCaptureCore
0x00007ffb00a1d000 	/System/Library/Frameworks/ExtensionFoundation.framework/Versions/A/ExtensionFoundation
0x00007ff8182a1000 	/System/Library/PrivateFrameworks/CoreTime.framework/Versions/A/CoreTime
0x00007ff81045f000 	/System/Library/PrivateFrameworks/AppServerSupport.framework/Versions/A/AppServerSupport
0x00007ff8129f7000 	/System/Library/PrivateFrameworks/perfdata.framework/Versions/A/perfdata
0x00007ff802bc4000 	/System/Library/PrivateFrameworks/AudioToolboxCore.framework/Versions/A/AudioToolboxCore
0x00007ff80b9e1000 	/System/Library/PrivateFrameworks/caulk.framework/Versions/A/caulk
0x00007ff81228f000 	/usr/lib/libAudioStatistics.dylib
0x00007ff90750a000 	/System/Library/PrivateFrameworks/SystemPolicy.framework/Versions/A/SystemPolicy
0x00007ff812551000 	/usr/lib/libSMC.dylib
0x00007ff81c359000 	/System/Library/Frameworks/CoreMIDI.framework/Versions/A/CoreMIDI
0x00007ff810e5f000 	/usr/lib/libAudioToolboxUtility.dylib
0x00007ff902b00000 	/System/Library/PrivateFrameworks/OSAServicesClient.framework/Versions/A/OSAServicesClient
0x00007ff812a05000 	/usr/lib/libperfcheck.dylib
0x00007ff817d4d000 	/System/Library/PrivateFrameworks/BoardServices.framework/Versions/A/BoardServices
0x00007ff810175000 	/System/Library/PrivateFrameworks/PlugInKit.framework/Versions/A/PlugInKit
0x00007ff80d82a000 	/System/Library/PrivateFrameworks/AssertionServices.framework/Versions/A/AssertionServices
0x00007ffa04c7c000 	/System/Library/PrivateFrameworks/Symbolication.framework/Versions/A/Symbolication
0x00007ffb1e34a000 	/System/Library/PrivateFrameworks/PhotosensitivityProcessing.framework/Versions/A/PhotosensitivityProcessing
0x00007ffa1af5b000 	/System/Library/Frameworks/OpenCL.framework/Versions/A/OpenCL
0x00007ff81040a000 	/System/Library/PrivateFrameworks/GraphVisualizer.framework/Versions/A/GraphVisualizer
0x00007ffa1a2d9000 	/System/Library/Frameworks/OpenGL.framework/Versions/A/Libraries/libGLU.dylib
0x00007ffa1a29b000 	/System/Library/Frameworks/OpenGL.framework/Versions/A/Libraries/libGFXShared.dylib
0x00007ffa1a497000 	/System/Library/Frameworks/OpenGL.framework/Versions/A/Libraries/libGL.dylib
0x00007ffa1a2a3000 	/System/Library/Frameworks/OpenGL.framework/Versions/A/Libraries/libGLImage.dylib
0x00007ffa1a298000 	/System/Library/Frameworks/OpenGL.framework/Versions/A/Libraries/libCVMSPluginSupport.dylib
0x00007ffc131e6000 	/usr/lib/libRosetta.dylib
0x00007ffa1a283000 	/System/Library/Frameworks/OpenGL.framework/Versions/A/Libraries/libCoreVMClient.dylib
0x00007ffb0ed91000 	/System/Library/PrivateFrameworks/FontServices.framework/Versions/A/FontServices
0x00007ff810419000 	/System/Library/PrivateFrameworks/OTSVG.framework/Versions/A/OTSVG
0x00007ff809c1c000 	/System/Library/Frameworks/ApplicationServices.framework/Versions/A/Frameworks/ATS.framework/Versions/A/Resources/libFontRegistry.dylib
0x00007ff81046a000 	/System/Library/PrivateFrameworks/FontServices.framework/libhvf.dylib
0x00007ffb0ed92000 	/System/Library/PrivateFrameworks/FontServices.framework/libXTFontStaticRegistryData.dylib
0x00007ff80c68a000 	/System/Library/Frameworks/MetalPerformanceShaders.framework/Versions/A/Frameworks/MPSCore.framework/Versions/A/MPSCore
0x00007ff80e08e000 	/System/Library/Frameworks/MetalPerformanceShaders.framework/Versions/A/Frameworks/MPSImage.framework/Versions/A/MPSImage
0x00007ff80d996000 	/System/Library/Frameworks/MetalPerformanceShaders.framework/Versions/A/Frameworks/MPSNeuralNetwork.framework/Versions/A/MPSNeuralNetwork
0x00007ff80df05000 	/System/Library/Frameworks/MetalPerformanceShaders.framework/Versions/A/Frameworks/MPSMatrix.framework/Versions/A/MPSMatrix
0x00007ff80dcb7000 	/System/Library/Frameworks/MetalPerformanceShaders.framework/Versions/A/Frameworks/MPSRayIntersector.framework/Versions/A/MPSRayIntersector
0x00007ff80df44000 	/System/Library/Frameworks/MetalPerformanceShaders.framework/Versions/A/Frameworks/MPSNDArray.framework/Versions/A/MPSNDArray
0x00007ffb020a7000 	/System/Library/Frameworks/MetalPerformanceShaders.framework/Versions/A/Frameworks/MPSFunctions.framework/Versions/A/MPSFunctions
0x00007ffb0208a000 	/System/Library/Frameworks/MetalPerformanceShaders.framework/Versions/A/Frameworks/MPSBenchmarkLoop.framework/Versions/A/MPSBenchmarkLoop
0x00007ff8014b8000 	/System/Library/PrivateFrameworks/MetalTools.framework/Versions/A/MetalTools
0x00007ff90c85f000 	/System/Library/PrivateFrameworks/IOAccelMemoryInfo.framework/Versions/A/IOAccelMemoryInfo
0x00007ff918b2e000 	/System/Library/PrivateFrameworks/kperf.framework/Versions/A/kperf
0x00007ff908187000 	/System/Library/PrivateFrameworks/GPURawCounter.framework/Versions/A/GPURawCounter
0x00007ff818176000 	/System/Library/PrivateFrameworks/CoreSymbolication.framework/Versions/A/CoreSymbolication
0x00007ff908137000 	/System/Library/PrivateFrameworks/MallocStackLogging.framework/Versions/A/MallocStackLogging
0x00007ff81001a000 	/System/Library/PrivateFrameworks/CrashReporterSupport.framework/Versions/A/CrashReporterSupport
0x00007ff818137000 	/System/Library/PrivateFrameworks/DebugSymbols.framework/Versions/A/DebugSymbols
0x00007ff91754e000 	/System/Library/PrivateFrameworks/OSAnalytics.framework/Versions/A/OSAnalytics
0x00007ffc0a561000 	/System/Library/PrivateFrameworks/VideoToolboxParavirtualizationSupport.framework/Versions/A/VideoToolboxParavirtualizationSupport
0x00007ff810247000 	/System/Library/PrivateFrameworks/AppleVA.framework/Versions/A/AppleVA
0x00007ff8122cf000 	/System/Library/Frameworks/ApplicationServices.framework/Versions/A/Frameworks/ATS.framework/Versions/A/ATS
0x00007ff8071d4000 	/System/Library/Frameworks/ApplicationServices.framework/Versions/A/Frameworks/HIServices.framework/Versions/A/HIServices
0x00007ff810fcb000 	/System/Library/Frameworks/ApplicationServices.framework/Versions/A/Frameworks/PrintCore.framework/Versions/A/PrintCore
0x00007ff8126a5000 	/System/Library/Frameworks/ApplicationServices.framework/Versions/A/Frameworks/QD.framework/Versions/A/QD
0x00007ff81269e000 	/System/Library/Frameworks/ApplicationServices.framework/Versions/A/Frameworks/ColorSyncLegacy.framework/Versions/A/ColorSyncLegacy
0x00007ff8122a5000 	/System/Library/Frameworks/ApplicationServices.framework/Versions/A/Frameworks/SpeechSynthesis.framework/Versions/A/SpeechSynthesis
0x00007ff810f87000 	/System/Library/Frameworks/ApplicationServices.framework/Versions/A/Frameworks/ATSUI.framework/Versions/A/ATSUI
0x00007ff812630000 	/usr/lib/libcups.2.dylib
0x00007ff812a14000 	/System/Library/Frameworks/Kerberos.framework/Versions/A/Kerberos
0x00007ff812a23000 	/System/Library/Frameworks/GSS.framework/Versions/A/GSS
0x00007ff812348000 	/usr/lib/libresolv.9.dylib
0x00007ff81047c000 	/System/Library/PrivateFrameworks/Heimdal.framework/Versions/A/Heimdal
0x00007ff81a1b4000 	/System/Library/Frameworks/Kerberos.framework/Versions/A/Libraries/libHeimdalProxy.dylib
0x00007ff812a70000 	/System/Library/PrivateFrameworks/CommonAuth.framework/Versions/A/CommonAuth
0x00007ffa1f8d5000 	/System/Library/Frameworks/AVFAudio.framework/Versions/A/AVFAudio
0x00007ff902b47000 	/System/Library/PrivateFrameworks/AXCoreUtilities.framework/Versions/A/AXCoreUtilities
0x00007ffb18c09000 	/System/Library/PrivateFrameworks/IsolatedCoreAudioClient.framework/Versions/A/IsolatedCoreAudioClient
0x00007ff812216000 	/System/Library/PrivateFrameworks/AudioSession.framework/Versions/A/AudioSession
0x00007ff813d2d000 	/System/Library/Frameworks/IOBluetooth.framework/Versions/A/IOBluetooth
0x00007ff810355000 	/System/Library/PrivateFrameworks/MediaExperience.framework/Versions/A/MediaExperience
0x00007ff812069000 	/System/Library/PrivateFrameworks/AudioSession.framework/libSessionUtility.dylib
0x00007ff8126b0000 	/System/Library/PrivateFrameworks/AudioResourceArbitration.framework/Versions/A/AudioResourceArbitration
0x00007ff816de4000 	/System/Library/PrivateFrameworks/PowerLog.framework/Versions/A/PowerLog
0x00007ff816d01000 	/System/Library/Frameworks/CoreBluetooth.framework/Versions/A/CoreBluetooth
0x00007ff81a1b5000 	/System/Library/Frameworks/AudioUnit.framework/Versions/A/AudioUnit
0x00007ff80d69d000 	/System/Library/PrivateFrameworks/CoreUtils.framework/Versions/A/CoreUtils
0x00007ffb0d396000 	/System/Library/PrivateFrameworks/CoreUtilsExtras.framework/Versions/A/CoreUtilsExtras
0x00007ffb1770a000 	/System/Library/PrivateFrameworks/IO80211.framework/Versions/A/IO80211
0x00007ff817c8f000 	/System/Library/PrivateFrameworks/FrontBoardServices.framework/Versions/A/FrontBoardServices
0x00007ff81979e000 	/System/Library/PrivateFrameworks/BackBoardServices.framework/Versions/A/BackBoardServices
0x00007ff8102b9000 	/System/Library/PrivateFrameworks/IconFoundation.framework/Versions/A/IconFoundation
0x00007ff815d0b000 	/System/Library/PrivateFrameworks/SpeechRecognitionCore.framework/Versions/A/SpeechRecognitionCore
0x00007ff902b60000 	/usr/lib/libAccessibility.dylib
0x00007ff8163f8000 	/System/Library/Frameworks/MediaAccessibility.framework/Versions/A/MediaAccessibility
0x00007ffa085e7000 	/System/Library/Frameworks/OSLog.framework/Versions/A/OSLog
0x00007ff9080c2000 	/System/Library/PrivateFrameworks/LoggingSupport.framework/Versions/A/LoggingSupport
0x0000000109b45000 	/Library/Internet Plug-Ins/JavaAppletPlugin.plugin/Contents/Home/lib/server/libjvm.dylib
0x0000000108828000 	/Library/Internet Plug-Ins/JavaAppletPlugin.plugin/Contents/Home/lib/libverify.dylib
0x0000000108887000 	/Library/Internet Plug-Ins/JavaAppletPlugin.plugin/Contents/Home/lib/libjava.dylib
0x0000000108903000 	/Library/Internet Plug-Ins/JavaAppletPlugin.plugin/Contents/Home/lib/libzip.dylib
0x0000000125de5000 	/Library/Internet Plug-Ins/JavaAppletPlugin.plugin/Contents/Home/lib/libawt.dylib
0x0000000125f30000 	/Library/Internet Plug-Ins/JavaAppletPlugin.plugin/Contents/Home/lib/libmlib_image.dylib
0x00007ffb01556000 	/System/Library/Frameworks/JavaRuntimeSupport.framework/Versions/A/JavaRuntimeSupport
0x00007ff906eaf000 	/System/Library/Frameworks/Carbon.framework/Versions/A/Carbon
0x00007ff81e44a000 	/System/Library/Frameworks/Carbon.framework/Versions/A/Frameworks/CommonPanels.framework/Versions/A/CommonPanels
0x00007ff819acb000 	/System/Library/Frameworks/Carbon.framework/Versions/A/Frameworks/Help.framework/Versions/A/Help
0x00007ff81e44e000 	/System/Library/Frameworks/Carbon.framework/Versions/A/Frameworks/ImageCapture.framework/Versions/A/ImageCapture
0x00007ff81e42b000 	/System/Library/Frameworks/Carbon.framework/Versions/A/Frameworks/OpenScripting.framework/Versions/A/OpenScripting
0x00007ff81e449000 	/System/Library/Frameworks/Carbon.framework/Versions/A/Frameworks/Ink.framework/Versions/A/Ink
0x00007ff81e446000 	/System/Library/Frameworks/Carbon.framework/Versions/A/Frameworks/SecurityHI.framework/Versions/A/SecurityHI
0x00000001260d9000 	/Library/Internet Plug-Ins/JavaAppletPlugin.plugin/Contents/Home/lib/libawt_lwawt.dylib
0x0000000109a0e000 	/Library/Internet Plug-Ins/JavaAppletPlugin.plugin/Contents/Home/lib/libosxapp.dylib
0x00007ff905e8e000 	/System/Library/Frameworks/ExceptionHandling.framework/Versions/A/ExceptionHandling
0x00007ffb0154d000 	/System/Library/Frameworks/JavaNativeFoundation.framework/Versions/A/JavaNativeFoundation
0x0000000126343000 	/Library/Internet Plug-Ins/JavaAppletPlugin.plugin/Contents/Home/lib/libfontmanager.dylib
0x00007ff8173c6000 	/System/Library/Frameworks/FileProvider.framework/Versions/A/FileProvider
0x00007ff807d22000 	/System/Library/Frameworks/Accounts.framework/Versions/A/Accounts
0x00007ff81757a000 	/System/Library/PrivateFrameworks/GenerationalStorage.framework/Versions/A/GenerationalStorage
0x00007ff816dd9000 	/System/Library/PrivateFrameworks/SymptomDiagnosticReporter.framework/Versions/A/SymptomDiagnosticReporter
0x00007ff805987000 	/System/Library/PrivateFrameworks/DesktopServicesPriv.framework/Versions/A/DesktopServicesPriv
0x00007ff804311000 	/usr/lib/libsandbox.1.dylib
0x00007ff812693000 	/System/Library/PrivateFrameworks/NetAuth.framework/Versions/A/NetAuth
0x00007ff8139d9000 	/System/Library/PrivateFrameworks/Sharing.framework/Versions/A/Sharing
0x00007ff80a0b3000 	/System/Library/PrivateFrameworks/login.framework/Versions/A/Frameworks/loginsupport.framework/Versions/A/loginsupport
0x00007ff8195f0000 	/System/Library/PrivateFrameworks/Apple80211.framework/Versions/A/Apple80211
0x00007ff80e244000 	/System/Library/PrivateFrameworks/AuthKit.framework/Versions/A/AuthKit
0x00007ff8195f1000 	/System/Library/PrivateFrameworks/CoreWiFi.framework/Versions/A/CoreWiFi
0x00007ff80d624000 	/System/Library/Frameworks/CoreWLAN.framework/Versions/A/CoreWLAN
0x00007ff90818a000 	/usr/lib/swift/libswiftCoreAudio.dylib
0x00007ff90d634000 	/usr/lib/swift/libswiftCoreLocation.dylib
0x00007ff810011000 	/usr/lib/libIOReport.dylib
0x00007ffa0f145000 	/System/Library/PrivateFrameworks/WiFiPeerToPeer.framework/Versions/A/WiFiPeerToPeer
0x00007ff80e3f1000 	/System/Library/Frameworks/UserNotifications.framework/Versions/A/UserNotifications
0x00007ff812baf000 	/System/Library/PrivateFrameworks/CorePhoneNumbers.framework/Versions/A/CorePhoneNumbers
0x00007ff812374000 	/System/Library/PrivateFrameworks/MultiverseSupport.framework/Versions/A/MultiverseSupport
0x00007ff819a1e000 	/System/Library/PrivateFrameworks/RemoteServiceDiscovery.framework/Versions/A/RemoteServiceDiscovery
0x00007ff816ef3000 	/System/Library/PrivateFrameworks/DiskManagement.framework/Versions/A/DiskManagement
0x00007ff816e0c000 	/System/Library/PrivateFrameworks/AppleIDAuthSupport.framework/Versions/A/AppleIDAuthSupport
0x00007ffb05bcf000 	/System/Library/PrivateFrameworks/AAAFoundation.framework/Versions/A/AAAFoundation
0x00007ff812b83000 	/System/Library/PrivateFrameworks/KeychainCircle.framework/Versions/A/KeychainCircle
0x00007ff819a2f000 	/System/Library/PrivateFrameworks/RemoteXPC.framework/Versions/A/RemoteXPC
0x00007ff819ad3000 	/usr/lib/libcsfde.dylib
0x00007ff8101bf000 	/usr/lib/libCoreStorage.dylib
0x00007ff816ec0000 	/System/Library/PrivateFrameworks/MediaKit.framework/Versions/A/MediaKit
0x00007ff816e18000 	/System/Library/Frameworks/DiscRecording.framework/Versions/A/DiscRecording
0x00007ff813e02000 	/System/Library/PrivateFrameworks/ProtectedCloudStorage.framework/Versions/A/ProtectedCloudStorage
0x00007ff819acf000 	/System/Library/PrivateFrameworks/EFILogin.framework/Versions/A/EFILogin
0x00007ff8175a2000 	/System/Library/PrivateFrameworks/OctagonTrust.framework/Versions/A/OctagonTrust
0x00007ff80b656000 	/System/Library/Frameworks/CoreLocation.framework/Versions/A/CoreLocation
0x00007ff81405e000 	/System/Library/PrivateFrameworks/GeoServices.framework/Versions/A/GeoServices
0x00007ff812035000 	/System/Library/PrivateFrameworks/LocationSupport.framework/Versions/A/LocationSupport
0x00007ffb1449a000 	/System/Library/PrivateFrameworks/GeoServicesCore.framework/Versions/A/GeoServicesCore
0x00007ff902b3e000 	/System/Library/PrivateFrameworks/PhoneNumbers.framework/Versions/A/PhoneNumbers
0x00007ff8101b7000 	/usr/lib/libMatch.1.dylib
0x00007ff910d36000 	/System/Library/CoreServices/RawCamera.bundle/Contents/MacOS/RawCamera
0x00007ff812a80000 	/System/Library/PrivateFrameworks/MobileAsset.framework/Versions/A/MobileAsset
0x00007ffb07900000 	/System/Library/PrivateFrameworks/AppleJPEGXL.framework/Versions/A/AppleJPEGXL
0x00007ff90df98000 	/System/Library/PrivateFrameworks/SoftwareUpdateCoreSupport.framework/Versions/A/SoftwareUpdateCoreSupport
0x00007ff91563b000 	/System/Library/PrivateFrameworks/SoftwareUpdateCoreConnect.framework/Versions/A/SoftwareUpdateCoreConnect
0x00007ff81a1d4000 	/System/Library/PrivateFrameworks/StreamingZip.framework/Versions/A/StreamingZip
0x00007ff90dc2b000 	/System/Library/PrivateFrameworks/MSUDataAccessor.framework/Versions/A/MSUDataAccessor
0x00007ff909ce3000 	/usr/lib/libbootpolicy.dylib
0x00007ff91ca1e000 	/usr/lib/libpartition2_dynamic.dylib
0x00007ffb0922d000 	/System/Library/PrivateFrameworks/CMPhoto.framework/Versions/A/CMPhoto
0x00007ff81800b000 	/System/Library/PrivateFrameworks/AppleVPA.framework/Versions/A/AppleVPA
0x00007ff8111bd000 	/System/Library/Frameworks/MediaToolbox.framework/Versions/A/MediaToolbox
0x00007ff817398000 	/System/Library/PrivateFrameworks/CoreAVCHD.framework/Versions/A/CoreAVCHD
0x00007ff817394000 	/System/Library/PrivateFrameworks/Mangrove.framework/Versions/A/Mangrove
0x00007ff81792f000 	/System/Library/Frameworks/CoreTelephony.framework/Versions/A/CoreTelephony
0x00007ff816fd9000 	/System/Library/PrivateFrameworks/CoreAUC.framework/Versions/A/CoreAUC
0x00007ff812bb8000 	/usr/lib/libTelephonyUtilDynamic.dylib
0x00007ff90d617000 	/System/Library/Frameworks/Accelerate.framework/Versions/A/Frameworks/vImage.framework/Versions/A/Libraries/libCGInterfaces.dylib
0x000000012ebb9000 	/usr/lib/libobjc-trampolines.dylib
0x00007ffc12f6b000 	/usr/lib/libAccessibilityBaseImplementations.dylib
0x00007ff810532000 	/System/Library/PrivateFrameworks/login.framework/Versions/A/login
0x00007ff817e5f000 	/System/Library/Frameworks/LocalAuthentication.framework/Versions/A/LocalAuthentication
0x00007ffb1930d000 	/System/Library/PrivateFrameworks/LocalAuthenticationCore.framework/Versions/A/LocalAuthenticationCore
0x00007ff817ea4000 	/System/Library/Frameworks/LocalAuthentication.framework/Support/SharedUtils.framework/Versions/A/SharedUtils
0x00007ff817dfd000 	/System/Library/Frameworks/CryptoTokenKit.framework/Versions/A/CryptoTokenKit
0x00007ff809dc8000 	/System/Library/PrivateFrameworks/ViewBridge.framework/Versions/A/ViewBridge
0x00007ffb06574000 	/System/Library/PrivateFrameworks/AccessibilityBundles.framework/Versions/A/AccessibilityBundles
0x000000012fe05000 	/Users/michaellevison/Documents/njl/eclipse-workspace/OpenGL_Engine/lib/native/macosx/liblwjgl.dylib
0x000000012fd97000 	/Library/Internet Plug-Ins/JavaAppletPlugin.plugin/Contents/Home/lib/libjawt.dylib
0x00007ffa1a4a2000 	/System/Library/Frameworks/OpenGL.framework/Versions/A/Resources/GLEngine.bundle/GLEngine
0x00007ffa1a316000 	/System/Library/Frameworks/OpenGL.framework/Versions/A/Libraries/libGLProgrammability.dylib
0x0000000130040000 	/System/Library/Extensions/AppleMetalOpenGLRenderer.bundle/Contents/MacOS/AppleMetalOpenGLRenderer
0x00007ffa1a612000 	/System/Library/Frameworks/OpenGL.framework/Versions/A/Resources/GLRendererFloat.bundle/GLRendererFloat
0x00007ffa183e6000 	/System/Library/Extensions/AGXMetalG13X.bundle/Contents/MacOS/AGXMetalG13X
0x00007ff901a9d000 	/System/Library/PrivateFrameworks/IOGPU.framework/Versions/A/IOGPU
0x00007ff81642e000 	/System/Library/PrivateFrameworks/SystemAdministration.framework/Versions/A/SystemAdministration
0x00007ff815cd8000 	/System/Library/Frameworks/DirectoryService.framework/Versions/A/DirectoryService
0x00007ff819933000 	/System/Library/PrivateFrameworks/DiskImages.framework/Versions/A/DiskImages
0x00007ff80d8e5000 	/System/Library/Frameworks/ServiceManagement.framework/Versions/A/ServiceManagement
0x00007ff819b5e000 	/System/Library/PrivateFrameworks/LoginUIKit.framework/Versions/A/Frameworks/LoginUICore.framework/Versions/A/LoginUICore
0x00007ff8106f7000 	/usr/lib/libodfde.dylib
0x00007ff819ade000 	/usr/lib/libcurl.4.dylib
0x00007ffc136e1000 	/usr/lib/libcrypto.46.dylib
0x00007ffc143ae000 	/usr/lib/libssl.48.dylib
0x00007ff8197c2000 	/System/Library/Frameworks/LDAP.framework/Versions/A/LDAP
0x00007ff8197fd000 	/System/Library/PrivateFrameworks/TrustEvaluationAgent.framework/Versions/A/TrustEvaluationAgent
0x00007ff812361000 	/usr/lib/libsasl2.2.dylib
0x00007ffa15d71000 	/System/Library/PrivateFrameworks/VoiceShortcutClient.framework/Versions/A/VoiceShortcutClient
0x00007ff818f92000 	/System/Library/Frameworks/Intents.framework/Versions/A/Intents
0x00007ff805bac000 	/System/Library/PrivateFrameworks/CoreDuet.framework/Versions/A/CoreDuet
0x00007ff818f3f000 	/System/Library/PrivateFrameworks/CoreDuetContext.framework/Versions/A/CoreDuetContext
0x00007ff80e439000 	/System/Library/Frameworks/CoreSpotlight.framework/Versions/A/CoreSpotlight
0x00007ff81a260000 	/System/Library/PrivateFrameworks/IntentsFoundation.framework/Versions/A/IntentsFoundation
0x00007ff819b64000 	/System/Library/PrivateFrameworks/AppSupport.framework/Versions/A/AppSupport
0x00007ffa1f9f9000 	/System/Library/Frameworks/AppIntents.framework/Versions/A/AppIntents
0x00007ff90c8df000 	/System/Library/PrivateFrameworks/IntentsCore.framework/Versions/A/IntentsCore
0x00007ffb191cb000 	/System/Library/PrivateFrameworks/LinkServices.framework/Versions/A/LinkServices
0x00007ff91a27e000 	/System/Library/PrivateFrameworks/BiomePubSub.framework/Versions/A/BiomePubSub
0x00007ffb190a3000 	/System/Library/PrivateFrameworks/LinkMetadata.framework/Versions/A/LinkMetadata
0x00007ff91c84c000 	/usr/lib/swift/libswiftAccelerate.dylib
0x00007ffc145e3000 	/usr/lib/swift/libswiftFileProvider.dylib
0x00007ff908199000 	/usr/lib/swift/libswiftIntents.dylib
0x00007ff80a0b6000 	/System/Library/PrivateFrameworks/ApplePushService.framework/Versions/A/ApplePushService
0x00007ff80a114000 	/System/Library/Frameworks/CloudKit.framework/Versions/A/CloudKit
0x00007ff81b462000 	/System/Library/PrivateFrameworks/CoreDuetDaemonProtocol.framework/Versions/A/CoreDuetDaemonProtocol
0x00007ff81b2f7000 	/System/Library/PrivateFrameworks/ProactiveSupport.framework/Versions/A/ProactiveSupport
0x00007ff8182ab000 	/System/Library/PrivateFrameworks/Rapport.framework/Versions/A/Rapport
0x00007ff91a2e0000 	/System/Library/PrivateFrameworks/BiomeStorage.framework/Versions/A/BiomeStorage
0x00007ff911c66000 	/System/Library/PrivateFrameworks/BiomeFoundation.framework/Versions/A/BiomeFoundation
0x00007ff819dd8000 	/System/Library/PrivateFrameworks/InternationalTextSearch.framework/Versions/A/InternationalTextSearch
0x00007ff807da5000 	/System/Library/PrivateFrameworks/CommonUtilities.framework/Versions/A/CommonUtilities
0x00007ff8106f8000 	/System/Library/PrivateFrameworks/Bom.framework/Versions/A/Bom
0x00007ff812381000 	/usr/lib/libParallelCompression.dylib
0x00007ffc12f6f000 	/usr/lib/libAppleArchive.dylib
0x00007ffb0484c000 	/System/Library/Frameworks/SharedWithYouCore.framework/Versions/A/SharedWithYouCore
0x00007ffc130a8000 	/usr/lib/libBASupport.dylib
0x00007ff819e9b000 	/System/Library/PrivateFrameworks/AppleAccount.framework/Versions/A/AppleAccount
0x00007ff907314000 	/System/Library/Frameworks/AVFoundation.framework/Versions/A/AVFoundation
0x00007ff81a278000 	/System/Library/PrivateFrameworks/C2.framework/Versions/A/C2
0x00007ff81a270000 	/System/Library/Frameworks/PushKit.framework/Versions/A/PushKit
0x00007ffa0a83c000 	/System/Library/Frameworks/CryptoKit.framework/Versions/A/CryptoKit
0x00007ffa0f0c8000 	/System/Library/PrivateFrameworks/FeatureFlags.framework/Versions/A/FeatureFlags
0x00007ffa01bcd000 	/usr/lib/swift/libswiftAVFoundation.dylib
0x00007ff90d645000 	/usr/lib/swift/libswiftCoreMIDI.dylib
0x00007ff920197000 	/usr/lib/swift/libswiftCoreMedia.dylib
0x00007ff8135b2000 	/System/Library/PrivateFrameworks/IDS.framework/Versions/A/IDS
0x00007ff81a01a000 	/System/Library/PrivateFrameworks/AppleIDSSOAuthentication.framework/Versions/A/AppleIDSSOAuthentication
0x00007ff811fc0000 	/System/Library/PrivateFrameworks/IMFoundation.framework/Versions/A/IMFoundation
0x00007ff902296000 	/System/Library/PrivateFrameworks/Marco.framework/Versions/A/Marco
0x00007ff813750000 	/System/Library/PrivateFrameworks/IDSFoundation.framework/Versions/A/IDSFoundation
0x00007ff907d2e000 	/System/Library/PrivateFrameworks/FTServices.framework/Versions/A/FTServices
0x00007ff81e414000 	/System/Library/PrivateFrameworks/Engram.framework/Versions/A/Engram
0x00007ff81e3ba000 	/usr/lib/libtidy.A.dylib
0x00007ff914958000 	/System/Library/PrivateFrameworks/FTAWD.framework/Versions/A/FTAWD
0x00007ff817a68000 	/System/Library/PrivateFrameworks/AVFCore.framework/Versions/A/AVFCore
0x00007ff8200ed000 	/System/Library/PrivateFrameworks/AVFCapture.framework/Versions/A/AVFCapture
0x00007ffb091be000 	/System/Library/PrivateFrameworks/CMImaging.framework/Versions/A/CMImaging
0x00007ff8202d8000 	/System/Library/PrivateFrameworks/Quagga.framework/Versions/A/Quagga
0x00007ff90092c000 	/System/Library/PrivateFrameworks/CMCapture.framework/Versions/A/CMCapture
0x00007ff812450000 	/System/Library/Frameworks/CoreMediaIO.framework/Versions/A/CoreMediaIO
0x00007ff81a308000 	/System/Library/PrivateFrameworks/Espresso.framework/Versions/A/Espresso
0x00007ffa1652d000 	/System/Library/PrivateFrameworks/ANECompiler.framework/Versions/A/ANECompiler
0x00007ff81c201000 	/System/Library/PrivateFrameworks/AppleNeuralEngine.framework/Versions/A/AppleNeuralEngine
0x00007ffb020bc000 	/System/Library/Frameworks/MetalPerformanceShadersGraph.framework/Versions/A/MetalPerformanceShadersGraph
0x00007ffb19b56000 	/System/Library/PrivateFrameworks/MLCompilerServices.framework/Versions/A/MLCompilerServices
0x00007ff81b2d5000 	/System/Library/PrivateFrameworks/ANEServices.framework/Versions/A/ANEServices
0x00007ff90c82c000 	/usr/lib/libncurses.5.4.dylib
0x00007ffb19af0000 	/System/Library/PrivateFrameworks/MLCompilerRuntime.framework/Versions/A/MLCompilerRuntime
0x00007ff81bfdf000 	/System/Library/PrivateFrameworks/RTCReporting.framework/Versions/A/RTCReporting
0x00007ff81a1af000 	/System/Library/PrivateFrameworks/CryptoKitCBridging.framework/Versions/A/CryptoKitCBridging
0x00007ff920195000 	/usr/lib/swift/libswiftCryptoTokenKit.dylib
0x00007ff81d2d8000 	/System/Library/PrivateFrameworks/AssistantServices.framework/Versions/A/AssistantServices
0x00007ffb0d99d000 	/System/Library/PrivateFrameworks/DoNotDisturb.framework/Versions/A/DoNotDisturb
0x00007ff914d7a000 	/System/Library/PrivateFrameworks/BiomeStreams.framework/Versions/A/BiomeStreams
0x00007ffb18cc4000 	/System/Library/PrivateFrameworks/Koa.framework/Versions/A/Koa
0x00007ffb1e57f000 	/System/Library/PrivateFrameworks/PoirotSchematizer.framework/Versions/A/PoirotSchematizer
0x00007ffb088e1000 	/System/Library/PrivateFrameworks/BiomeSync.framework/Versions/A/BiomeSync
0x00007ffb08420000 	/System/Library/PrivateFrameworks/BiomeFlexibleStorage.framework/Versions/A/BiomeFlexibleStorage
0x00007ffb08406000 	/System/Library/PrivateFrameworks/BiomeDSL.framework/Versions/A/BiomeDSL
0x00007ffb088c9000 	/System/Library/PrivateFrameworks/BiomeSequence.framework/Versions/A/BiomeSequence
0x00007ffa08807000 	/System/Library/PrivateFrameworks/InternalSwiftProtobuf.framework/Versions/A/InternalSwiftProtobuf
0x00007ffb1e556000 	/System/Library/PrivateFrameworks/PoirotSQLite.framework/Versions/A/PoirotSQLite
0x00007ffb18b0c000 	/System/Library/PrivateFrameworks/IntelligencePlatformLibrary.framework/Versions/A/IntelligencePlatformLibrary
0x00007ffb095f5000 	/System/Library/PrivateFrameworks/CascadeSets.framework/Versions/A/CascadeSets
0x00007ff818079000 	/System/Library/PrivateFrameworks/SAObjects.framework/Versions/A/SAObjects
0x00007ff81cd00000 	/System/Library/PrivateFrameworks/MediaRemote.framework/Versions/A/MediaRemote
0x00007ff90cca1000 	/System/Library/PrivateFrameworks/SiriInstrumentation.framework/Versions/A/SiriInstrumentation
0x00007ffb20438000 	/System/Library/PrivateFrameworks/SiriAnalytics.framework/Versions/A/SiriAnalytics
0x00007ffc045b4000 	/System/Library/PrivateFrameworks/SiriTTSService.framework/Versions/A/SiriTTSService
0x00007ffc00b0a000 	/System/Library/PrivateFrameworks/SiriCrossDeviceArbitration.framework/Versions/A/SiriCrossDeviceArbitration
0x00007ffc00b55000 	/System/Library/PrivateFrameworks/SiriCrossDeviceArbitrationFeedback.framework/Versions/A/SiriCrossDeviceArbitrationFeedback
0x00007ff90210d000 	/System/Library/PrivateFrameworks/MediaServices.framework/Versions/A/MediaServices
0x00007ff8103e1000 	/System/Library/PrivateFrameworks/PersistentConnection.framework/Versions/A/PersistentConnection
0x00007ff9089b7000 	/System/Library/PrivateFrameworks/Trial.framework/Versions/A/Trial
0x00007ff90893d000 	/System/Library/PrivateFrameworks/TrialProto.framework/Versions/A/TrialProto
0x00007ffb0789e000 	/System/Library/PrivateFrameworks/AppleFlatBuffers.framework/Versions/A/AppleFlatBuffers
0x00007ff9025eb000 	/System/Library/PrivateFrameworks/ProactiveEventTracker.framework/Versions/A/ProactiveEventTracker
0x00007ff90ada1000 	/System/Library/PrivateFrameworks/FeedbackLogger.framework/Versions/A/FeedbackLogger
0x00007ffb08015000 	/System/Library/PrivateFrameworks/AtomicsInternal.framework/Versions/A/AtomicsInternal
0x00007ffb0843e000 	/System/Library/PrivateFrameworks/BiomeLibrary.framework/Versions/A/BiomeLibrary
0x00007ff90e2ec000 	/usr/lib/libtailspin.dylib
0x00007ff91fc37000 	/System/Library/PrivateFrameworks/Osprey.framework/Versions/A/Osprey
0x00007ffc03c15000 	/System/Library/PrivateFrameworks/SiriTTS.framework/Versions/A/SiriTTS
0x00007ff907e3e000 	/System/Library/Frameworks/NaturalLanguage.framework/Versions/A/NaturalLanguage
0x00007ff817dec000 	/System/Library/PrivateFrameworks/GraphicsServices.framework/Versions/A/GraphicsServices
0x00007ffc03061000 	/System/Library/PrivateFrameworks/SiriPowerInstrumentation.framework/Versions/A/SiriPowerInstrumentation
0x00007ffa0f0d1000 	/usr/lib/swift/libswiftNaturalLanguage.dylib
0x00007ffc069b7000 	/System/Library/PrivateFrameworks/TailspinSymbolication.framework/Versions/A/TailspinSymbolication
0x00007ffb0d4f5000 	/System/Library/PrivateFrameworks/Darwinup.framework/Versions/A/Darwinup
0x00007ff919355000 	/System/Library/PrivateFrameworks/SignpostSupport.framework/Versions/A/SignpostSupport
0x00007ff907d13000 	/System/Library/PrivateFrameworks/FeatureFlagsSupport.framework/Versions/A/FeatureFlagsSupport
0x00007ff918b33000 	/System/Library/PrivateFrameworks/ktrace.framework/Versions/A/ktrace
0x00007ff9195d8000 	/System/Library/PrivateFrameworks/SampleAnalysis.framework/Versions/A/SampleAnalysis
0x00007ffa01531000 	/System/Library/PrivateFrameworks/kperfdata.framework/Versions/A/kperfdata
0x00007ff813f61000 	/usr/lib/libdscsym.dylib
0x00007ffc14696000 	/usr/lib/swift/libswiftSystem.dylib
0x00007ffa0190b000 	/System/Library/PrivateFrameworks/BulkSymbolication.framework/Versions/A/BulkSymbolication
0x00007ff80a53d000 	/System/Library/Frameworks/CoreML.framework/Versions/A/CoreML
0x00007ffa0d79f000 	/usr/lib/libedit.3.dylib
0x00007ff80dd1d000 	/System/Library/Frameworks/MLCompute.framework/Versions/A/MLCompute
0x00007ffb199ce000 	/System/Library/PrivateFrameworks/MLAssetIO.framework/Versions/A/MLAssetIO
0x00007ff80731a000 	/System/Library/PrivateFrameworks/Montreal.framework/Versions/A/Montreal

VM Arguments:
jvm_args: -Djava.library.path=/Users/michaellevison/Documents/njl/eclipse-workspace/OpenGL_Engine/lib/native/macosx -Dfile.encoding=UTF-8 -Dstdout.encoding=UTF-8 -Dstderr.encoding=UTF-8 
java_command: engine.engineTester.MainGameLoop
java_class_path (initial): /Users/michaellevison/Documents/njl/eclipse-workspace/OpenGL_Engine/bin:/Users/michaellevison/Documents/njl/eclipse-workspace/OpenGL_Engine/lib/jars/lwjgl_util.jar:/Users/michaellevison/Documents/njl/eclipse-workspace/OpenGL_Engine/lib/jars/lwjgl.jar:/Users/michaellevison/Documents/njl/eclipse-workspace/OpenGL_Engine/lib/jars/slick-util.jar
Launcher Type: SUN_STANDARD

Environment Variables:
PATH=/usr/bin:/bin:/usr/sbin:/sbin
SHELL=/bin/zsh

Signal Handlers:
SIGSEGV: [libjvm.dylib+0x5a862b], sa_mask[0]=11111111111111111111111111111111, sa_flags=SA_ONSTACK|SA_RESTART|SA_SIGINFO
SIGBUS: [libjvm.dylib+0x5a862b], sa_mask[0]=11111111111111111111111111111111, sa_flags=SA_RESTART|SA_SIGINFO
SIGFPE: [libjvm.dylib+0x5a862b], sa_mask[0]=11111111111111111111111111111111, sa_flags=SA_RESTART|SA_SIGINFO
SIGPIPE: [libjvm.dylib+0x49aafa], sa_mask[0]=11111111111111111111111111111111, sa_flags=SA_RESTART|SA_SIGINFO
SIGXFSZ: [libjvm.dylib+0x49aafa], sa_mask[0]=11111111111111111111111111111111, sa_flags=SA_RESTART|SA_SIGINFO
SIGILL: [libjvm.dylib+0x5a862b], sa_mask[0]=11111111111111111111111111111111, sa_flags=SA_RESTART|SA_SIGINFO
SIGUSR1: SIG_DFL, sa_mask[0]=00000000000000000000000000000000, sa_flags=none
SIGUSR2: [libjvm.dylib+0x49b11b], sa_mask[0]=00000000000000000000000000000000, sa_flags=SA_RESTART|SA_SIGINFO
SIGHUP: [libjvm.dylib+0x4992a1], sa_mask[0]=11111111111111111111111111111111, sa_flags=SA_RESTART|SA_SIGINFO
SIGINT: [libjvm.dylib+0x4992a1], sa_mask[0]=11111111111111111111111111111111, sa_flags=SA_RESTART|SA_SIGINFO
SIGTERM: [libjvm.dylib+0x4992a1], sa_mask[0]=11111111111111111111111111111111, sa_flags=SA_RESTART|SA_SIGINFO
SIGQUIT: [libjvm.dylib+0x4992a1], sa_mask[0]=11111111111111111111111111111111, sa_flags=SA_RESTART|SA_SIGINFO


---------------  S Y S T E M  ---------------

OS:Bsduname:Darwin 23.4.0 Darwin Kernel Version 23.4.0: Fri Mar 15 00:10:42 PDT 2024; root:xnu-10063.101.17~1/RELEASE_ARM64_T6000 x86_64
rlimit: STACK 8176k, CORE 0k, NPROC 2666, NOFILE 12544, AS infinity
load average:2.59 2.14 2.03

CPU:total 8 (initial active 8) (1 cores per cpu, 1 threads per core) family 6 model 44 stepping 0, cmov, cx8, fxsr, mmx, sse, sse2, sse3, ssse3, sse4.1, sse4.2, popcnt, aes, clmul, tsc, tscinvbit, tscinv

Memory: 4k page, physical 16777216k(68388k free)

/proc/meminfo:


vm_info: Java HotSpot(TM) 64-Bit Server VM (25.411-b09) for bsd-amd64 JRE (1.8.0_411-b09), built on Mar 13 2024 07:24:30 by "java_re" with gcc Apple LLVM 12.0.0 (clang-1200.0.32.29)

time: Tue Jul 23 18:55:14 2024
timezone: PDT
elapsed time: 8.262068 seconds (0d 0h 0m 8s)

